<?xml version="1.0" encoding="UTF-8"?>
<!-- Generated by org.testng.reporters.JUnitReportReporter -->
<testsuite hostname="DESKTOP-S1TQNL7" failures="0" tests="6" name="tests.LandingPageTests" time="21.076" errors="0" timestamp="2026-01-07T14:48:15 IST" skipped="0">
  <testcase classname="tests.LandingPageTests" name="verifyLandingPageHeaderVisible" time="3.957"/>
  <testcase classname="tests.LandingPageTests" name="verifyHeroSectionVisible" time="4.136"/>
  <testcase classname="tests.LandingPageTests" name="verifyOpenDataScraperFromHome" time="3.614"/>
  <testcase classname="tests.LandingPageTests" name="verifyOpenRenameEncryptFromHome" time="3.256"/>
  <testcase classname="tests.LandingPageTests" name="verifyOpenWaterMarkFromHome" time="3.079"/>
  <testcase classname="tests.LandingPageTests" name="verifyNotificationPanelOpens" time="3.034"/>
</testsuite> <!-- tests.LandingPageTests -->
